[2019-10-17 07:13:40] local.ERROR: SQLSTATE[23000]: Integrity constraint violation: 1048 Column 'submission_type' cannot be null (SQL: insert into `client_records` (`employee_id`, `clients_name`, `cp_name`, `cp_phone`, `cp_email`, `prospective`, `brief`, `submission_type`, `work_type`, `submission_date`, `dep_planning`, `dep_creative`, `dep_operation`, `dep_accounts`, `dep_hr`, `dep_admin`, `dep_it`, `dep_Other`, `updated_at`, `created_at`) values (1, a, a, 01913213288, you@gmail.com, a, a, ?, ?, 2019-10-15, ?, ?, ?, ?, ?, on, ?, ?, 2019-10-17 07:13:39, 2019-10-17 07:13:39)) {"exception":"[object] (Illuminate\\Database\\QueryException(code: 23000): SQLSTATE[23000]: Integrity constraint violation: 1048 Column 'submission_type' cannot be null (SQL: insert into `client_records` (`employee_id`, `clients_name`, `cp_name`, `cp_phone`, `cp_email`, `prospective`, `brief`, `submission_type`, `work_type`, `submission_date`, `dep_planning`, `dep_creative`, `dep_operation`, `dep_accounts`, `dep_hr`, `dep_admin`, `dep_it`, `dep_Other`, `updated_at`, `created_at`) values (1, a, a, 01913213288, you@gmail.com, a, a, ?, ?, 2019-10-15, ?, ?, ?, ?, ?, on, ?, ?, 2019-10-17 07:13:39, 2019-10-17 07:13:39)) at /var/www/html/ems.test/vendor/laravel/framework/src/Illuminate/Database/Connection.php:664, PDOException(code: 23000): SQLSTATE[23000]: Integrity constraint violation: 1048 Column 'submission_type' cannot be null at /var/www/html/ems.test/vendor/laravel/framework/src/Illuminate/Database/Connection.php:458)
[stacktrace]
#0 /var/www/html/ems.test/vendor/laravel/framework/src/Illuminate/Database/Connection.php(624): Illuminate\\Database\\Connection->runQueryCallback('insert into `cl...', Array, Object(Closure))
#1 /var/www/html/ems.test/vendor/laravel/framework/src/Illuminate/Database/Connection.php(459): Illuminate\\Database\\Connection->run('insert into `cl...', Array, Object(Closure))
#2 /var/www/html/ems.test/vendor/laravel/framework/src/Illuminate/Database/Connection.php(411): Illuminate\\Database\\Connection->statement('insert into `cl...', Array)
#3 /var/www/html/ems.test/vendor/laravel/framework/src/Illuminate/Database/Query/Processors/Processor.php(32): Illuminate\\Database\\Connection->insert('insert into `cl...', Array)
#4 /var/www/html/ems.test/vendor/laravel/framework/src/Illuminate/Database/Query/Builder.php(2690): Illuminate\\Database\\Query\\Processors\\Processor->processInsertGetId(Object(Illuminate\\Database\\Query\\Builder), 'insert into `cl...', Array, 'id')
#5 /var/www/html/ems.test/vendor/laravel/framework/src/Illuminate/Database/Eloquent/Builder.php(1353): Illuminate\\Database\\Query\\Builder->insertGetId(Array, 'id')
#6 /var/www/html/ems.test/vendor/laravel/framework/src/Illuminate/Database/Eloquent/Model.php(839): Illuminate\\Database\\Eloquent\\Builder->__call('insertGetId', Array)
#7 /var/www/html/ems.test/vendor/laravel/framework/src/Illuminate/Database/Eloquent/Model.php(804): Illuminate\\Database\\Eloquent\\Model->insertAndSetId(Object(Illuminate\\Database\\Eloquent\\Builder), Array)
#8 /var/www/html/ems.test/vendor/laravel/framework/src/Illuminate/Database/Eloquent/Model.php(667): Illuminate\\Database\\Eloquent\\Model->performInsert(Object(Illuminate\\Database\\Eloquent\\Builder))
#9 /var/www/html/ems.test/vendor/laravel/framework/src/Illuminate/Database/Eloquent/Builder.php(795): Illuminate\\Database\\Eloquent\\Model->save()
#10 /var/www/html/ems.test/vendor/laravel/framework/src/Illuminate/Support/helpers.php(1124): Illuminate\\Database\\Eloquent\\Builder->Illuminate\\Database\\Eloquent\\{closure}(Object(App\\ClientRecord))
#11 /var/www/html/ems.test/vendor/laravel/framework/src/Illuminate/Database/Eloquent/Builder.php(796): tap(Object(App\\ClientRecord), Object(Closure))
#12 /var/www/html/ems.test/vendor/laravel/framework/src/Illuminate/Support/Traits/ForwardsCalls.php(23): Illuminate\\Database\\Eloquent\\Builder->create(Array)
#13 /var/www/html/ems.test/vendor/laravel/framework/src/Illuminate/Database/Eloquent/Model.php(1618): Illuminate\\Database\\Eloquent\\Model->forwardCallTo(Object(Illuminate\\Database\\Eloquent\\Builder), 'create', Array)
#14 /var/www/html/ems.test/vendor/laravel/framework/src/Illuminate/Database/Eloquent/Model.php(1630): Illuminate\\Database\\Eloquent\\Model->__call('create', Array)
#15 /var/www/html/ems.test/app/Http/Controllers/ClientRecordController.php(68): Illuminate\\Database\\Eloquent\\Model::__callStatic('create', Array)
#16 [internal function]: App\\Http\\Controllers\\ClientRecordController->clientrecord(Object(Illuminate\\Http\\Request))
#17 /var/www/html/ems.test/vendor/laravel/framework/src/Illuminate/Routing/Controller.php(54): call_user_func_array(Array, Array)
#18 /var/www/html/ems.test/vendor/laravel/framework/src/Illuminate/Routing/ControllerDispatcher.php(45): Illuminate\\Routing\\Controller->callAction('clientrecord', Array)
#19 /var/www/html/ems.test/vendor/laravel/framework/src/Illuminate/Routing/Route.php(219): Illuminate\\Routing\\ControllerDispatcher->dispatch(Object(Illuminate\\Routing\\Route), Object(App\\Http\\Controllers\\ClientRecordController), 'clientrecord')
#20 /var/www/html/ems.test/vendor/laravel/framework/src/Illuminate/Routing/Route.php(176): Illuminate\\Routing\\Route->runController()
#21 /var/www/html/ems.test/vendor/laravel/framework/src/Illuminate/Routing/Router.php(680): Illuminate\\Routing\\Route->run()
#22 /var/www/html/ems.test/vendor/laravel/framework/src/Illuminate/Routing/Pipeline.php(30): Illuminate\\Routing\\Router->Illuminate\\Routing\\{closure}(Object(Illuminate\\Http\\Request))
#23 /var/www/html/ems.test/vendor/laravel/framework/src/Illuminate/Routing/Middleware/SubstituteBindings.php(41): Illuminate\\Routing\\Pipeline->Illuminate\\Routing\\{closure}(Object(Illuminate\\Http\\Request))
#24 /var/www/html/ems.test/vendor/laravel/framework/src/Illuminate/Pipeline/Pipeline.php(163): Illuminate\\Routing\\Middleware\\SubstituteBindings->handle(Object(Illuminate\\Http\\Request), Object(Closure))
#25 /var/www/html/ems.test/vendor/laravel/framework/src/Illuminate/Routing/Pipeline.php(53): Illuminate\\Pipeline\\Pipeline->Illuminate\\Pipeline\\{closure}(Object(Illuminate\\Http\\Request))
#26 /var/www/html/ems.test/vendor/laravel/framework/src/Illuminate/Foundation/Http/Middleware/VerifyCsrfToken.php(75): Illuminate\\Routing\\Pipeline->Illuminate\\Routing\\{closure}(Object(Illuminate\\Http\\Request))
#27 /var/www/html/ems.test/vendor/laravel/framework/src/Illuminate/Pipeline/Pipeline.php(163): Illuminate\\Foundation\\Http\\Middleware\\VerifyCsrfToken->handle(Object(Illuminate\\Http\\Request), Object(Closure))
#28 /var/www/html/ems.test/vendor/laravel/framework/src/Illuminate/Routing/Pipeline.php(53): Illuminate\\Pipeline\\Pipeline->Illuminate\\Pipeline\\{closure}(Object(Illuminate\\Http\\Request))
#29 /var/www/html/ems.test/vendor/laravel/framework/src/Illuminate/View/Middleware/ShareErrorsFromSession.php(49): Illuminate\\Routing\\Pipeline->Illuminate\\Routing\\{closure}(Object(Illuminate\\Http\\Request))
#30 /var/www/html/ems.test/vendor/laravel/framework/src/Illuminate/Pipeline/Pipeline.php(163): Illuminate\\View\\Middleware\\ShareErrorsFromSession->handle(Object(Illuminate\\Http\\Request), Object(Closure))
#31 /var/www/html/ems.test/vendor/laravel/framework/src/Illuminate/Routing/Pipeline.php(53): Illuminate\\Pipeline\\Pipeline->Illuminate\\Pipeline\\{closure}(Object(Illuminate\\Http\\Request))
#32 /var/www/html/ems.test/vendor/laravel/framework/src/Illuminate/Session/Middleware/StartSession.php(56): Illuminate\\Routing\\Pipeline->Illuminate\\Routing\\{closure}(Object(Illuminate\\Http\\Request))
#33 /var/www/html/ems.test/vendor/laravel/framework/src/Illuminate/Pipeline/Pipeline.php(163): Illuminate\\Session\\Middleware\\StartSession->handle(Object(Illuminate\\Http\\Request), Object(Closure))
#34 /var/www/html/ems.test/vendor/laravel/framework/src/Illuminate/Routing/Pipeline.php(53): Illuminate\\Pipeline\\Pipeline->Illuminate\\Pipeline\\{closure}(Object(Illuminate\\Http\\Request))
#35 /var/www/html/ems.test/vendor/laravel/framework/src/Illuminate/Cookie/Middleware/AddQueuedCookiesToResponse.php(37): Illuminate\\Routing\\Pipeline->Illuminate\\Routing\\{closure}(Object(Illuminate\\Http\\Request))
#36 /var/www/html/ems.test/vendor/laravel/framework/src/Illuminate/Pipeline/Pipeline.php(163): Illuminate\\Cookie\\Middleware\\AddQueuedCookiesToResponse->handle(Object(Illuminate\\Http\\Request), Object(Closure))
#37 /var/www/html/ems.test/vendor/laravel/framework/src/Illuminate/Routing/Pipeline.php(53): Illuminate\\Pipeline\\Pipeline->Illuminate\\Pipeline\\{closure}(Object(Illuminate\\Http\\Request))
#38 /var/www/html/ems.test/vendor/laravel/framework/src/Illuminate/Cookie/Middleware/EncryptCookies.php(66): Illuminate\\Routing\\Pipeline->Illuminate\\Routing\\{closure}(Object(Illuminate\\Http\\Request))
#39 /var/www/html/ems.test/vendor/laravel/framework/src/Illuminate/Pipeline/Pipeline.php(163): Illuminate\\Cookie\\Middleware\\EncryptCookies->handle(Object(Illuminate\\Http\\Request), Object(Closure))
#40 /var/www/html/ems.test/vendor/laravel/framework/src/Illuminate/Routing/Pipeline.php(53): Illuminate\\Pipeline\\Pipeline->Illuminate\\Pipeline\\{closure}(Object(Illuminate\\Http\\Request))
#41 /var/www/html/ems.test/vendor/laravel/framework/src/Illuminate/Pipeline/Pipeline.php(104): Illuminate\\Routing\\Pipeline->Illuminate\\Routing\\{closure}(Object(Illuminate\\Http\\Request))
#42 /var/www/html/ems.test/vendor/laravel/framework/src/Illuminate/Routing/Router.php(682): Illuminate\\Pipeline\\Pipeline->then(Object(Closure))
#43 /var/www/html/ems.test/vendor/laravel/framework/src/Illuminate/Routing/Router.php(657): Illuminate\\Routing\\Router->runRouteWithinStack(Object(Illuminate\\Routing\\Route), Object(Illuminate\\Http\\Request))
#44 /var/www/html/ems.test/vendor/laravel/framework/src/Illuminate/Routing/Router.php(623): Illuminate\\Routing\\Router->runRoute(Object(Illuminate\\Http\\Request), Object(Illuminate\\Routing\\Route))
#45 /var/www/html/ems.test/vendor/laravel/framework/src/Illuminate/Routing/Router.php(612): Illuminate\\Routing\\Router->dispatchToRoute(Object(Illuminate\\Http\\Request))
#46 /var/www/html/ems.test/vendor/laravel/framework/src/Illuminate/Foundation/Http/Kernel.php(176): Illuminate\\Routing\\Router->dispatch(Object(Illuminate\\Http\\Request))
#47 /var/www/html/ems.test/vendor/laravel/framework/src/Illuminate/Routing/Pipeline.php(30): Illuminate\\Foundation\\Http\\Kernel->Illuminate\\Foundation\\Http\\{closure}(Object(Illuminate\\Http\\Request))
#48 /var/www/html/ems.test/vendor/laravel/framework/src/Illuminate/Foundation/Http/Middleware/TransformsRequest.php(21): Illuminate\\Routing\\Pipeline->Illuminate\\Routing\\{closure}(Object(Illuminate\\Http\\Request))
#49 /var/www/html/ems.test/vendor/laravel/framework/src/Illuminate/Pipeline/Pipeline.php(163): Illuminate\\Foundation\\Http\\Middleware\\TransformsRequest->handle(Object(Illuminate\\Http\\Request), Object(Closure))
#50 /var/www/html/ems.test/vendor/laravel/framework/src/Illuminate/Routing/Pipeline.php(53): Illuminate\\Pipeline\\Pipeline->Illuminate\\Pipeline\\{closure}(Object(Illuminate\\Http\\Request))
#51 /var/www/html/ems.test/vendor/laravel/framework/src/Illuminate/Foundation/Http/Middleware/TransformsRequest.php(21): Illuminate\\Routing\\Pipeline->Illuminate\\Routing\\{closure}(Object(Illuminate\\Http\\Request))
#52 /var/www/html/ems.test/vendor/laravel/framework/src/Illuminate/Pipeline/Pipeline.php(163): Illuminate\\Foundation\\Http\\Middleware\\TransformsRequest->handle(Object(Illuminate\\Http\\Request), Object(Closure))
#53 /var/www/html/ems.test/vendor/laravel/framework/src/Illuminate/Routing/Pipeline.php(53): Illuminate\\Pipeline\\Pipeline->Illuminate\\Pipeline\\{closure}(Object(Illuminate\\Http\\Request))
#54 /var/www/html/ems.test/vendor/laravel/framework/src/Illuminate/Foundation/Http/Middleware/ValidatePostSize.php(27): Illuminate\\Routing\\Pipeline->Illuminate\\Routing\\{closure}(Object(Illuminate\\Http\\Request))
#55 /var/www/html/ems.test/vendor/laravel/framework/src/Illuminate/Pipeline/Pipeline.php(163): Illuminate\\Foundation\\Http\\Middleware\\ValidatePostSize->handle(Object(Illuminate\\Http\\Request), Object(Closure))
#56 /var/www/html/ems.test/vendor/laravel/framework/src/Illuminate/Routing/Pipeline.php(53): Illuminate\\Pipeline\\Pipeline->Illuminate\\Pipeline\\{closure}(Object(Illuminate\\Http\\Request))
#57 /var/www/html/ems.test/vendor/laravel/framework/src/Illuminate/Foundation/Http/Middleware/CheckForMaintenanceMode.php(62): Illuminate\\Routing\\Pipeline->Illuminate\\Routing\\{closure}(Object(Illuminate\\Http\\Request))
#58 /var/www/html/ems.test/vendor/laravel/framework/src/Illuminate/Pipeline/Pipeline.php(163): Illuminate\\Foundation\\Http\\Middleware\\CheckForMaintenanceMode->handle(Object(Illuminate\\Http\\Request), Object(Closure))
#59 /var/www/html/ems.test/vendor/laravel/framework/src/Illuminate/Routing/Pipeline.php(53): Illuminate\\Pipeline\\Pipeline->Illuminate\\Pipeline\\{closure}(Object(Illuminate\\Http\\Request))
#60 /var/www/html/ems.test/vendor/fideloper/proxy/src/TrustProxies.php(57): Illuminate\\Routing\\Pipeline->Illuminate\\Routing\\{closure}(Object(Illuminate\\Http\\Request))
#61 /var/www/html/ems.test/vendor/laravel/framework/src/Illuminate/Pipeline/Pipeline.php(163): Fideloper\\Proxy\\TrustProxies->handle(Object(Illuminate\\Http\\Request), Object(Closure))
#62 /var/www/html/ems.test/vendor/laravel/framework/src/Illuminate/Routing/Pipeline.php(53): Illuminate\\Pipeline\\Pipeline->Illuminate\\Pipeline\\{closure}(Object(Illuminate\\Http\\Request))
#63 /var/www/html/ems.test/vendor/laravel/framework/src/Illuminate/Pipeline/Pipeline.php(104): Illuminate\\Routing\\Pipeline->Illuminate\\Routing\\{closure}(Object(Illuminate\\Http\\Request))
#64 /var/www/html/ems.test/vendor/laravel/framework/src/Illuminate/Foundation/Http/Kernel.php(151): Illuminate\\Pipeline\\Pipeline->then(Object(Closure))
#65 /var/www/html/ems.test/vendor/laravel/framework/src/Illuminate/Foundation/Http/Kernel.php(116): Illuminate\\Foundation\\Http\\Kernel->sendRequestThroughRouter(Object(Illuminate\\Http\\Request))
#66 /var/www/html/ems.test/public_html/index.php(55): Illuminate\\Foundation\\Http\\Kernel->handle(Object(Illuminate\\Http\\Request))
#67 {main}
"} 
[2019-10-17 07:17:53] local.ERROR: SQLSTATE[HY000]: General error: 1364 Field 'submission_type' doesn't have a default value (SQL: insert into `client_records` (`employee_id`, `clients_name`, `cp_name`, `cp_phone`, `cp_email`, `prospective`, `brief`, `submission_date`, `dep_planning`, `dep_creative`, `dep_operation`, `dep_accounts`, `dep_hr`, `dep_admin`, `dep_it`, `dep_Other`, `updated_at`, `created_at`) values (1, a, a, 01913213288, you@gmail.com, a, a, 2019-10-15, ?, ?, ?, ?, ?, on, ?, ?, 2019-10-17 07:17:53, 2019-10-17 07:17:53)) {"exception":"[object] (Illuminate\\Database\\QueryException(code: HY000): SQLSTATE[HY000]: General error: 1364 Field 'submission_type' doesn't have a default value (SQL: insert into `client_records` (`employee_id`, `clients_name`, `cp_name`, `cp_phone`, `cp_email`, `prospective`, `brief`, `submission_date`, `dep_planning`, `dep_creative`, `dep_operation`, `dep_accounts`, `dep_hr`, `dep_admin`, `dep_it`, `dep_Other`, `updated_at`, `created_at`) values (1, a, a, 01913213288, you@gmail.com, a, a, 2019-10-15, ?, ?, ?, ?, ?, on, ?, ?, 2019-10-17 07:17:53, 2019-10-17 07:17:53)) at /var/www/html/ems.test/vendor/laravel/framework/src/Illuminate/Database/Connection.php:664, PDOException(code: HY000): SQLSTATE[HY000]: General error: 1364 Field 'submission_type' doesn't have a default value at /var/www/html/ems.test/vendor/laravel/framework/src/Illuminate/Database/Connection.php:458)
[stacktrace]
#0 /var/www/html/ems.test/vendor/laravel/framework/src/Illuminate/Database/Connection.php(624): Illuminate\\Database\\Connection->runQueryCallback('insert into `cl...', Array, Object(Closure))
#1 /var/www/html/ems.test/vendor/laravel/framework/src/Illuminate/Database/Connection.php(459): Illuminate\\Database\\Connection->run('insert into `cl...', Array, Object(Closure))
#2 /var/www/html/ems.test/vendor/laravel/framework/src/Illuminate/Database/Connection.php(411): Illuminate\\Database\\Connection->statement('insert into `cl...', Array)
#3 /var/www/html/ems.test/vendor/laravel/framework/src/Illuminate/Database/Query/Processors/Processor.php(32): Illuminate\\Database\\Connection->insert('insert into `cl...', Array)
#4 /var/www/html/ems.test/vendor/laravel/framework/src/Illuminate/Database/Query/Builder.php(2690): Illuminate\\Database\\Query\\Processors\\Processor->processInsertGetId(Object(Illuminate\\Database\\Query\\Builder), 'insert into `cl...', Array, 'id')
#5 /var/www/html/ems.test/vendor/laravel/framework/src/Illuminate/Database/Eloquent/Builder.php(1353): Illuminate\\Database\\Query\\Builder->insertGetId(Array, 'id')
#6 /var/www/html/ems.test/vendor/laravel/framework/src/Illuminate/Database/Eloquent/Model.php(839): Illuminate\\Database\\Eloquent\\Builder->__call('insertGetId', Array)
#7 /var/www/html/ems.test/vendor/laravel/framework/src/Illuminate/Database/Eloquent/Model.php(804): Illuminate\\Database\\Eloquent\\Model->insertAndSetId(Object(Illuminate\\Database\\Eloquent\\Builder), Array)
#8 /var/www/html/ems.test/vendor/laravel/framework/src/Illuminate/Database/Eloquent/Model.php(667): Illuminate\\Database\\Eloquent\\Model->performInsert(Object(Illuminate\\Database\\Eloquent\\Builder))
#9 /var/www/html/ems.test/vendor/laravel/framework/src/Illuminate/Database/Eloquent/Builder.php(795): Illuminate\\Database\\Eloquent\\Model->save()
#10 /var/www/html/ems.test/vendor/laravel/framework/src/Illuminate/Support/helpers.php(1124): Illuminate\\Database\\Eloquent\\Builder->Illuminate\\Database\\Eloquent\\{closure}(Object(App\\ClientRecord))
#11 /var/www/html/ems.test/vendor/laravel/framework/src/Illuminate/Database/Eloquent/Builder.php(796): tap(Object(App\\ClientRecord), Object(Closure))
#12 /var/www/html/ems.test/vendor/laravel/framework/src/Illuminate/Support/Traits/ForwardsCalls.php(23): Illuminate\\Database\\Eloquent\\Builder->create(Array)
#13 /var/www/html/ems.test/vendor/laravel/framework/src/Illuminate/Database/Eloquent/Model.php(1618): Illuminate\\Database\\Eloquent\\Model->forwardCallTo(Object(Illuminate\\Database\\Eloquent\\Builder), 'create', Array)
#14 /var/www/html/ems.test/vendor/laravel/framework/src/Illuminate/Database/Eloquent/Model.php(1630): Illuminate\\Database\\Eloquent\\Model->__call('create', Array)
#15 /var/www/html/ems.test/app/Http/Controllers/ClientRecordController.php(68): Illuminate\\Database\\Eloquent\\Model::__callStatic('create', Array)
#16 [internal function]: App\\Http\\Controllers\\ClientRecordController->clientrecord(Object(Illuminate\\Http\\Request))
#17 /var/www/html/ems.test/vendor/laravel/framework/src/Illuminate/Routing/Controller.php(54): call_user_func_array(Array, Array)
#18 /var/www/html/ems.test/vendor/laravel/framework/src/Illuminate/Routing/ControllerDispatcher.php(45): Illuminate\\Routing\\Controller->callAction('clientrecord', Array)
#19 /var/www/html/ems.test/vendor/laravel/framework/src/Illuminate/Routing/Route.php(219): Illuminate\\Routing\\ControllerDispatcher->dispatch(Object(Illuminate\\Routing\\Route), Object(App\\Http\\Controllers\\ClientRecordController), 'clientrecord')
#20 /var/www/html/ems.test/vendor/laravel/framework/src/Illuminate/Routing/Route.php(176): Illuminate\\Routing\\Route->runController()
#21 /var/www/html/ems.test/vendor/laravel/framework/src/Illuminate/Routing/Router.php(680): Illuminate\\Routing\\Route->run()
#22 /var/www/html/ems.test/vendor/laravel/framework/src/Illuminate/Routing/Pipeline.php(30): Illuminate\\Routing\\Router->Illuminate\\Routing\\{closure}(Object(Illuminate\\Http\\Request))
#23 /var/www/html/ems.test/vendor/laravel/framework/src/Illuminate/Routing/Middleware/SubstituteBindings.php(41): Illuminate\\Routing\\Pipeline->Illuminate\\Routing\\{closure}(Object(Illuminate\\Http\\Request))
#24 /var/www/html/ems.test/vendor/laravel/framework/src/Illuminate/Pipeline/Pipeline.php(163): Illuminate\\Routing\\Middleware\\SubstituteBindings->handle(Object(Illuminate\\Http\\Request), Object(Closure))
#25 /var/www/html/ems.test/vendor/laravel/framework/src/Illuminate/Routing/Pipeline.php(53): Illuminate\\Pipeline\\Pipeline->Illuminate\\Pipeline\\{closure}(Object(Illuminate\\Http\\Request))
#26 /var/www/html/ems.test/vendor/laravel/framework/src/Illuminate/Foundation/Http/Middleware/VerifyCsrfToken.php(75): Illuminate\\Routing\\Pipeline->Illuminate\\Routing\\{closure}(Object(Illuminate\\Http\\Request))
#27 /var/www/html/ems.test/vendor/laravel/framework/src/Illuminate/Pipeline/Pipeline.php(163): Illuminate\\Foundation\\Http\\Middleware\\VerifyCsrfToken->handle(Object(Illuminate\\Http\\Request), Object(Closure))
#28 /var/www/html/ems.test/vendor/laravel/framework/src/Illuminate/Routing/Pipeline.php(53): Illuminate\\Pipeline\\Pipeline->Illuminate\\Pipeline\\{closure}(Object(Illuminate\\Http\\Request))
#29 /var/www/html/ems.test/vendor/laravel/framework/src/Illuminate/View/Middleware/ShareErrorsFromSession.php(49): Illuminate\\Routing\\Pipeline->Illuminate\\Routing\\{closure}(Object(Illuminate\\Http\\Request))
#30 /var/www/html/ems.test/vendor/laravel/framework/src/Illuminate/Pipeline/Pipeline.php(163): Illuminate\\View\\Middleware\\ShareErrorsFromSession->handle(Object(Illuminate\\Http\\Request), Object(Closure))
#31 /var/www/html/ems.test/vendor/laravel/framework/src/Illuminate/Routing/Pipeline.php(53): Illuminate\\Pipeline\\Pipeline->Illuminate\\Pipeline\\{closure}(Object(Illuminate\\Http\\Request))
#32 /var/www/html/ems.test/vendor/laravel/framework/src/Illuminate/Session/Middleware/StartSession.php(56): Illuminate\\Routing\\Pipeline->Illuminate\\Routing\\{closure}(Object(Illuminate\\Http\\Request))
#33 /var/www/html/ems.test/vendor/laravel/framework/src/Illuminate/Pipeline/Pipeline.php(163): Illuminate\\Session\\Middleware\\StartSession->handle(Object(Illuminate\\Http\\Request), Object(Closure))
#34 /var/www/html/ems.test/vendor/laravel/framework/src/Illuminate/Routing/Pipeline.php(53): Illuminate\\Pipeline\\Pipeline->Illuminate\\Pipeline\\{closure}(Object(Illuminate\\Http\\Request))
#35 /var/www/html/ems.test/vendor/laravel/framework/src/Illuminate/Cookie/Middleware/AddQueuedCookiesToResponse.php(37): Illuminate\\Routing\\Pipeline->Illuminate\\Routing\\{closure}(Object(Illuminate\\Http\\Request))
#36 /var/www/html/ems.test/vendor/laravel/framework/src/Illuminate/Pipeline/Pipeline.php(163): Illuminate\\Cookie\\Middleware\\AddQueuedCookiesToResponse->handle(Object(Illuminate\\Http\\Request), Object(Closure))
#37 /var/www/html/ems.test/vendor/laravel/framework/src/Illuminate/Routing/Pipeline.php(53): Illuminate\\Pipeline\\Pipeline->Illuminate\\Pipeline\\{closure}(Object(Illuminate\\Http\\Request))
#38 /var/www/html/ems.test/vendor/laravel/framework/src/Illuminate/Cookie/Middleware/EncryptCookies.php(66): Illuminate\\Routing\\Pipeline->Illuminate\\Routing\\{closure}(Object(Illuminate\\Http\\Request))
#39 /var/www/html/ems.test/vendor/laravel/framework/src/Illuminate/Pipeline/Pipeline.php(163): Illuminate\\Cookie\\Middleware\\EncryptCookies->handle(Object(Illuminate\\Http\\Request), Object(Closure))
#40 /var/www/html/ems.test/vendor/laravel/framework/src/Illuminate/Routing/Pipeline.php(53): Illuminate\\Pipeline\\Pipeline->Illuminate\\Pipeline\\{closure}(Object(Illuminate\\Http\\Request))
#41 /var/www/html/ems.test/vendor/laravel/framework/src/Illuminate/Pipeline/Pipeline.php(104): Illuminate\\Routing\\Pipeline->Illuminate\\Routing\\{closure}(Object(Illuminate\\Http\\Request))
#42 /var/www/html/ems.test/vendor/laravel/framework/src/Illuminate/Routing/Router.php(682): Illuminate\\Pipeline\\Pipeline->then(Object(Closure))
#43 /var/www/html/ems.test/vendor/laravel/framework/src/Illuminate/Routing/Router.php(657): Illuminate\\Routing\\Router->runRouteWithinStack(Object(Illuminate\\Routing\\Route), Object(Illuminate\\Http\\Request))
#44 /var/www/html/ems.test/vendor/laravel/framework/src/Illuminate/Routing/Router.php(623): Illuminate\\Routing\\Router->runRoute(Object(Illuminate\\Http\\Request), Object(Illuminate\\Routing\\Route))
#45 /var/www/html/ems.test/vendor/laravel/framework/src/Illuminate/Routing/Router.php(612): Illuminate\\Routing\\Router->dispatchToRoute(Object(Illuminate\\Http\\Request))
#46 /var/www/html/ems.test/vendor/laravel/framework/src/Illuminate/Foundation/Http/Kernel.php(176): Illuminate\\Routing\\Router->dispatch(Object(Illuminate\\Http\\Request))
#47 /var/www/html/ems.test/vendor/laravel/framework/src/Illuminate/Routing/Pipeline.php(30): Illuminate\\Foundation\\Http\\Kernel->Illuminate\\Foundation\\Http\\{closure}(Object(Illuminate\\Http\\Request))
#48 /var/www/html/ems.test/vendor/laravel/framework/src/Illuminate/Foundation/Http/Middleware/TransformsRequest.php(21): Illuminate\\Routing\\Pipeline->Illuminate\\Routing\\{closure}(Object(Illuminate\\Http\\Request))
#49 /var/www/html/ems.test/vendor/laravel/framework/src/Illuminate/Pipeline/Pipeline.php(163): Illuminate\\Foundation\\Http\\Middleware\\TransformsRequest->handle(Object(Illuminate\\Http\\Request), Object(Closure))
#50 /var/www/html/ems.test/vendor/laravel/framework/src/Illuminate/Routing/Pipeline.php(53): Illuminate\\Pipeline\\Pipeline->Illuminate\\Pipeline\\{closure}(Object(Illuminate\\Http\\Request))
#51 /var/www/html/ems.test/vendor/laravel/framework/src/Illuminate/Foundation/Http/Middleware/TransformsRequest.php(21): Illuminate\\Routing\\Pipeline->Illuminate\\Routing\\{closure}(Object(Illuminate\\Http\\Request))
#52 /var/www/html/ems.test/vendor/laravel/framework/src/Illuminate/Pipeline/Pipeline.php(163): Illuminate\\Foundation\\Http\\Middleware\\TransformsRequest->handle(Object(Illuminate\\Http\\Request), Object(Closure))
#53 /var/www/html/ems.test/vendor/laravel/framework/src/Illuminate/Routing/Pipeline.php(53): Illuminate\\Pipeline\\Pipeline->Illuminate\\Pipeline\\{closure}(Object(Illuminate\\Http\\Request))
#54 /var/www/html/ems.test/vendor/laravel/framework/src/Illuminate/Foundation/Http/Middleware/ValidatePostSize.php(27): Illuminate\\Routing\\Pipeline->Illuminate\\Routing\\{closure}(Object(Illuminate\\Http\\Request))
#55 /var/www/html/ems.test/vendor/laravel/framework/src/Illuminate/Pipeline/Pipeline.php(163): Illuminate\\Foundation\\Http\\Middleware\\ValidatePostSize->handle(Object(Illuminate\\Http\\Request), Object(Closure))
#56 /var/www/html/ems.test/vendor/laravel/framework/src/Illuminate/Routing/Pipeline.php(53): Illuminate\\Pipeline\\Pipeline->Illuminate\\Pipeline\\{closure}(Object(Illuminate\\Http\\Request))
#57 /var/www/html/ems.test/vendor/laravel/framework/src/Illuminate/Foundation/Http/Middleware/CheckForMaintenanceMode.php(62): Illuminate\\Routing\\Pipeline->Illuminate\\Routing\\{closure}(Object(Illuminate\\Http\\Request))
#58 /var/www/html/ems.test/vendor/laravel/framework/src/Illuminate/Pipeline/Pipeline.php(163): Illuminate\\Foundation\\Http\\Middleware\\CheckForMaintenanceMode->handle(Object(Illuminate\\Http\\Request), Object(Closure))
#59 /var/www/html/ems.test/vendor/laravel/framework/src/Illuminate/Routing/Pipeline.php(53): Illuminate\\Pipeline\\Pipeline->Illuminate\\Pipeline\\{closure}(Object(Illuminate\\Http\\Request))
#60 /var/www/html/ems.test/vendor/fideloper/proxy/src/TrustProxies.php(57): Illuminate\\Routing\\Pipeline->Illuminate\\Routing\\{closure}(Object(Illuminate\\Http\\Request))
#61 /var/www/html/ems.test/vendor/laravel/framework/src/Illuminate/Pipeline/Pipeline.php(163): Fideloper\\Proxy\\TrustProxies->handle(Object(Illuminate\\Http\\Request), Object(Closure))
#62 /var/www/html/ems.test/vendor/laravel/framework/src/Illuminate/Routing/Pipeline.php(53): Illuminate\\Pipeline\\Pipeline->Illuminate\\Pipeline\\{closure}(Object(Illuminate\\Http\\Request))
#63 /var/www/html/ems.test/vendor/laravel/framework/src/Illuminate/Pipeline/Pipeline.php(104): Illuminate\\Routing\\Pipeline->Illuminate\\Routing\\{closure}(Object(Illuminate\\Http\\Request))
#64 /var/www/html/ems.test/vendor/laravel/framework/src/Illuminate/Foundation/Http/Kernel.php(151): Illuminate\\Pipeline\\Pipeline->then(Object(Closure))
#65 /var/www/html/ems.test/vendor/laravel/framework/src/Illuminate/Foundation/Http/Kernel.php(116): Illuminate\\Foundation\\Http\\Kernel->sendRequestThroughRouter(Object(Illuminate\\Http\\Request))
#66 /var/www/html/ems.test/public_html/index.php(55): Illuminate\\Foundation\\Http\\Kernel->handle(Object(Illuminate\\Http\\Request))
#67 {main}
"} 
[2019-10-17 07:29:59] local.ERROR: syntax error, unexpected '->' (T_OBJECT_OPERATOR) {"exception":"[object] (Symfony\\Component\\Debug\\Exception\\FatalThrowableError(code: 0): syntax error, unexpected '->' (T_OBJECT_OPERATOR) at /var/www/html/ems.test/database/migrations/2019_09_15_072125_create_client_records_table.php:25)
[stacktrace]
#0 /var/www/html/ems.test/vendor/laravel/framework/src/Illuminate/Database/Migrations/Migrator.php(477): Illuminate\\Filesystem\\Filesystem->requireOnce('/var/www/html/e...')
#1 /var/www/html/ems.test/vendor/laravel/framework/src/Illuminate/Database/Migrations/Migrator.php(103): Illuminate\\Database\\Migrations\\Migrator->requireFiles(Array)
#2 /var/www/html/ems.test/vendor/laravel/framework/src/Illuminate/Database/Console/Migrations/MigrateCommand.php(71): Illuminate\\Database\\Migrations\\Migrator->run(Array, Array)
#3 [internal function]: Illuminate\\Database\\Console\\Migrations\\MigrateCommand->handle()
#4 /var/www/html/ems.test/vendor/laravel/framework/src/Illuminate/Container/BoundMethod.php(32): call_user_func_array(Array, Array)
#5 /var/www/html/ems.test/vendor/laravel/framework/src/Illuminate/Container/BoundMethod.php(90): Illuminate\\Container\\BoundMethod::Illuminate\\Container\\{closure}()
#6 /var/www/html/ems.test/vendor/laravel/framework/src/Illuminate/Container/BoundMethod.php(34): Illuminate\\Container\\BoundMethod::callBoundMethod(Object(Illuminate\\Foundation\\Application), Array, Object(Closure))
#7 /var/www/html/ems.test/vendor/laravel/framework/src/Illuminate/Container/Container.php(576): Illuminate\\Container\\BoundMethod::call(Object(Illuminate\\Foundation\\Application), Array, Array, NULL)
#8 /var/www/html/ems.test/vendor/laravel/framework/src/Illuminate/Console/Command.php(183): Illuminate\\Container\\Container->call(Array)
#9 /var/www/html/ems.test/vendor/symfony/console/Command/Command.php(255): Illuminate\\Console\\Command->execute(Object(Symfony\\Component\\Console\\Input\\ArrayInput), Object(Illuminate\\Console\\OutputStyle))
#10 /var/www/html/ems.test/vendor/laravel/framework/src/Illuminate/Console/Command.php(170): Symfony\\Component\\Console\\Command\\Command->run(Object(Symfony\\Component\\Console\\Input\\ArrayInput), Object(Illuminate\\Console\\OutputStyle))
#11 /var/www/html/ems.test/vendor/laravel/framework/src/Illuminate/Console/Command.php(198): Illuminate\\Console\\Command->run(Object(Symfony\\Component\\Console\\Input\\ArrayInput), Object(Illuminate\\Console\\OutputStyle))
#12 /var/www/html/ems.test/vendor/laravel/framework/src/Illuminate/Database/Console/Migrations/FreshCommand.php(61): Illuminate\\Console\\Command->call('migrate', Array)
#13 [internal function]: Illuminate\\Database\\Console\\Migrations\\FreshCommand->handle()
#14 /var/www/html/ems.test/vendor/laravel/framework/src/Illuminate/Container/BoundMethod.php(32): call_user_func_array(Array, Array)
#15 /var/www/html/ems.test/vendor/laravel/framework/src/Illuminate/Container/BoundMethod.php(90): Illuminate\\Container\\BoundMethod::Illuminate\\Container\\{closure}()
#16 /var/www/html/ems.test/vendor/laravel/framework/src/Illuminate/Container/BoundMethod.php(34): Illuminate\\Container\\BoundMethod::callBoundMethod(Object(Illuminate\\Foundation\\Application), Array, Object(Closure))
#17 /var/www/html/ems.test/vendor/laravel/framework/src/Illuminate/Container/Container.php(576): Illuminate\\Container\\BoundMethod::call(Object(Illuminate\\Foundation\\Application), Array, Array, NULL)
#18 /var/www/html/ems.test/vendor/laravel/framework/src/Illuminate/Console/Command.php(183): Illuminate\\Container\\Container->call(Array)
#19 /var/www/html/ems.test/vendor/symfony/console/Command/Command.php(255): Illuminate\\Console\\Command->execute(Object(Symfony\\Component\\Console\\Input\\ArgvInput), Object(Illuminate\\Console\\OutputStyle))
#20 /var/www/html/ems.test/vendor/laravel/framework/src/Illuminate/Console/Command.php(170): Symfony\\Component\\Console\\Command\\Command->run(Object(Symfony\\Component\\Console\\Input\\ArgvInput), Object(Illuminate\\Console\\OutputStyle))
#21 /var/www/html/ems.test/vendor/symfony/console/Application.php(915): Illuminate\\Console\\Command->run(Object(Symfony\\Component\\Console\\Input\\ArgvInput), Object(Symfony\\Component\\Console\\Output\\ConsoleOutput))
#22 /var/www/html/ems.test/vendor/symfony/console/Application.php(272): Symfony\\Component\\Console\\Application->doRunCommand(Object(Illuminate\\Database\\Console\\Migrations\\FreshCommand), Object(Symfony\\Component\\Console\\Input\\ArgvInput), Object(Symfony\\Component\\Console\\Output\\ConsoleOutput))
#23 /var/www/html/ems.test/vendor/symfony/console/Application.php(148): Symfony\\Component\\Console\\Application->doRun(Object(Symfony\\Component\\Console\\Input\\ArgvInput), Object(Symfony\\Component\\Console\\Output\\ConsoleOutput))
#24 /var/www/html/ems.test/vendor/laravel/framework/src/Illuminate/Console/Application.php(90): Symfony\\Component\\Console\\Application->run(Object(Symfony\\Component\\Console\\Input\\ArgvInput), Object(Symfony\\Component\\Console\\Output\\ConsoleOutput))
#25 /var/www/html/ems.test/vendor/laravel/framework/src/Illuminate/Foundation/Console/Kernel.php(133): Illuminate\\Console\\Application->run(Object(Symfony\\Component\\Console\\Input\\ArgvInput), Object(Symfony\\Component\\Console\\Output\\ConsoleOutput))
#26 /var/www/html/ems.test/artisan(37): Illuminate\\Foundation\\Console\\Kernel->handle(Object(Symfony\\Component\\Console\\Input\\ArgvInput), Object(Symfony\\Component\\Console\\Output\\ConsoleOutput))
#27 {main}
"} 
[2019-10-17 07:30:48] local.ERROR: SQLSTATE[42S21]: Column already exists: 1060 Duplicate column name 'work_activation' (SQL: create table `client_records` (`id` bigint unsigned not null auto_increment primary key, `employee_id` int not null, `clients_name` varchar(191) not null, `cp_name` varchar(191) not null, `cp_phone` varchar(191) not null, `cp_email` varchar(191) not null, `prospective` varchar(191) not null, `brief` text not null, `submission_ppt_tech` varchar(191) null, `submission_fainancial_quotation` varchar(191) null, `submission_ppt_with_sample` varchar(191) null, `submission_with_quotation` varchar(191) null, `submission_other` varchar(191) null, `work_event` varchar(191) null, `work_activation` varchar(191) null, `work_activation` varchar(191) null, `submission_date` date not null, `dep_planning` varchar(191) null, `dep_creative` varchar(191) null, `dep_operation` varchar(191) null, `dep_accounts` varchar(191) null, `dep_hr` varchar(191) null, `dep_admin` varchar(191) null, `dep_it` varchar(191) null, `dep_Other` varchar(191) null, `created_at` timestamp null, `updated_at` timestamp null) default character set utf8mb4 collate 'utf8mb4_unicode_ci') {"exception":"[object] (Illuminate\\Database\\QueryException(code: 42S21): SQLSTATE[42S21]: Column already exists: 1060 Duplicate column name 'work_activation' (SQL: create table `client_records` (`id` bigint unsigned not null auto_increment primary key, `employee_id` int not null, `clients_name` varchar(191) not null, `cp_name` varchar(191) not null, `cp_phone` varchar(191) not null, `cp_email` varchar(191) not null, `prospective` varchar(191) not null, `brief` text not null, `submission_ppt_tech` varchar(191) null, `submission_fainancial_quotation` varchar(191) null, `submission_ppt_with_sample` varchar(191) null, `submission_with_quotation` varchar(191) null, `submission_other` varchar(191) null, `work_event` varchar(191) null, `work_activation` varchar(191) null, `work_activation` varchar(191) null, `submission_date` date not null, `dep_planning` varchar(191) null, `dep_creative` varchar(191) null, `dep_operation` varchar(191) null, `dep_accounts` varchar(191) null, `dep_hr` varchar(191) null, `dep_admin` varchar(191) null, `dep_it` varchar(191) null, `dep_Other` varchar(191) null, `created_at` timestamp null, `updated_at` timestamp null) default character set utf8mb4 collate 'utf8mb4_unicode_ci') at /var/www/html/ems.test/vendor/laravel/framework/src/Illuminate/Database/Connection.php:664, PDOException(code: 42S21): SQLSTATE[42S21]: Column already exists: 1060 Duplicate column name 'work_activation' at /var/www/html/ems.test/vendor/laravel/framework/src/Illuminate/Database/Connection.php:458)
[stacktrace]
#0 /var/www/html/ems.test/vendor/laravel/framework/src/Illuminate/Database/Connection.php(624): Illuminate\\Database\\Connection->runQueryCallback('create table `c...', Array, Object(Closure))
#1 /var/www/html/ems.test/vendor/laravel/framework/src/Illuminate/Database/Connection.php(459): Illuminate\\Database\\Connection->run('create table `c...', Array, Object(Closure))
#2 /var/www/html/ems.test/vendor/laravel/framework/src/Illuminate/Database/Schema/Blueprint.php(97): Illuminate\\Database\\Connection->statement('create table `c...')
#3 /var/www/html/ems.test/vendor/laravel/framework/src/Illuminate/Database/Schema/Builder.php(278): Illuminate\\Database\\Schema\\Blueprint->build(Object(Illuminate\\Database\\MySqlConnection), Object(Illuminate\\Database\\Schema\\Grammars\\MySqlGrammar))
#4 /var/www/html/ems.test/vendor/laravel/framework/src/Illuminate/Database/Schema/Builder.php(167): Illuminate\\Database\\Schema\\Builder->build(Object(Illuminate\\Database\\Schema\\Blueprint))
#5 /var/www/html/ems.test/vendor/laravel/framework/src/Illuminate/Support/Facades/Facade.php(239): Illuminate\\Database\\Schema\\Builder->create('client_records', Object(Closure))
#6 /var/www/html/ems.test/database/migrations/2019_09_15_072125_create_client_records_table.php(43): Illuminate\\Support\\Facades\\Facade::__callStatic('create', Array)
#7 /var/www/html/ems.test/vendor/laravel/framework/src/Illuminate/Database/Migrations/Migrator.php(387): CreateClientRecordsTable->up()
#8 /var/www/html/ems.test/vendor/laravel/framework/src/Illuminate/Database/Migrations/Migrator.php(396): Illuminate\\Database\\Migrations\\Migrator->Illuminate\\Database\\Migrations\\{closure}()
#9 /var/www/html/ems.test/vendor/laravel/framework/src/Illuminate/Database/Migrations/Migrator.php(197): Illuminate\\Database\\Migrations\\Migrator->runMigration(Object(CreateClientRecordsTable), 'up')
#10 /var/www/html/ems.test/vendor/laravel/framework/src/Illuminate/Database/Migrations/Migrator.php(162): Illuminate\\Database\\Migrations\\Migrator->runUp('/var/www/html/e...', 1, false)
#11 /var/www/html/ems.test/vendor/laravel/framework/src/Illuminate/Database/Migrations/Migrator.php(109): Illuminate\\Database\\Migrations\\Migrator->runPending(Array, Array)
#12 /var/www/html/ems.test/vendor/laravel/framework/src/Illuminate/Database/Console/Migrations/MigrateCommand.php(71): Illuminate\\Database\\Migrations\\Migrator->run(Array, Array)
#13 [internal function]: Illuminate\\Database\\Console\\Migrations\\MigrateCommand->handle()
#14 /var/www/html/ems.test/vendor/laravel/framework/src/Illuminate/Container/BoundMethod.php(32): call_user_func_array(Array, Array)
#15 /var/www/html/ems.test/vendor/laravel/framework/src/Illuminate/Container/BoundMethod.php(90): Illuminate\\Container\\BoundMethod::Illuminate\\Container\\{closure}()
#16 /var/www/html/ems.test/vendor/laravel/framework/src/Illuminate/Container/BoundMethod.php(34): Illuminate\\Container\\BoundMethod::callBoundMethod(Object(Illuminate\\Foundation\\Application), Array, Object(Closure))
#17 /var/www/html/ems.test/vendor/laravel/framework/src/Illuminate/Container/Container.php(576): Illuminate\\Container\\BoundMethod::call(Object(Illuminate\\Foundation\\Application), Array, Array, NULL)
#18 /var/www/html/ems.test/vendor/laravel/framework/src/Illuminate/Console/Command.php(183): Illuminate\\Container\\Container->call(Array)
#19 /var/www/html/ems.test/vendor/symfony/console/Command/Command.php(255): Illuminate\\Console\\Command->execute(Object(Symfony\\Component\\Console\\Input\\ArrayInput), Object(Illuminate\\Console\\OutputStyle))
#20 /var/www/html/ems.test/vendor/laravel/framework/src/Illuminate/Console/Command.php(170): Symfony\\Component\\Console\\Command\\Command->run(Object(Symfony\\Component\\Console\\Input\\ArrayInput), Object(Illuminate\\Console\\OutputStyle))
#21 /var/www/html/ems.test/vendor/laravel/framework/src/Illuminate/Console/Command.php(198): Illuminate\\Console\\Command->run(Object(Symfony\\Component\\Console\\Input\\ArrayInput), Object(Illuminate\\Console\\OutputStyle))
#22 /var/www/html/ems.test/vendor/laravel/framework/src/Illuminate/Database/Console/Migrations/FreshCommand.php(61): Illuminate\\Console\\Command->call('migrate', Array)
#23 [internal function]: Illuminate\\Database\\Console\\Migrations\\FreshCommand->handle()
#24 /var/www/html/ems.test/vendor/laravel/framework/src/Illuminate/Container/BoundMethod.php(32): call_user_func_array(Array, Array)
#25 /var/www/html/ems.test/vendor/laravel/framework/src/Illuminate/Container/BoundMethod.php(90): Illuminate\\Container\\BoundMethod::Illuminate\\Container\\{closure}()
#26 /var/www/html/ems.test/vendor/laravel/framework/src/Illuminate/Container/BoundMethod.php(34): Illuminate\\Container\\BoundMethod::callBoundMethod(Object(Illuminate\\Foundation\\Application), Array, Object(Closure))
#27 /var/www/html/ems.test/vendor/laravel/framework/src/Illuminate/Container/Container.php(576): Illuminate\\Container\\BoundMethod::call(Object(Illuminate\\Foundation\\Application), Array, Array, NULL)
#28 /var/www/html/ems.test/vendor/laravel/framework/src/Illuminate/Console/Command.php(183): Illuminate\\Container\\Container->call(Array)
#29 /var/www/html/ems.test/vendor/symfony/console/Command/Command.php(255): Illuminate\\Console\\Command->execute(Object(Symfony\\Component\\Console\\Input\\ArgvInput), Object(Illuminate\\Console\\OutputStyle))
#30 /var/www/html/ems.test/vendor/laravel/framework/src/Illuminate/Console/Command.php(170): Symfony\\Component\\Console\\Command\\Command->run(Object(Symfony\\Component\\Console\\Input\\ArgvInput), Object(Illuminate\\Console\\OutputStyle))
#31 /var/www/html/ems.test/vendor/symfony/console/Application.php(915): Illuminate\\Console\\Command->run(Object(Symfony\\Component\\Console\\Input\\ArgvInput), Object(Symfony\\Component\\Console\\Output\\ConsoleOutput))
#32 /var/www/html/ems.test/vendor/symfony/console/Application.php(272): Symfony\\Component\\Console\\Application->doRunCommand(Object(Illuminate\\Database\\Console\\Migrations\\FreshCommand), Object(Symfony\\Component\\Console\\Input\\ArgvInput), Object(Symfony\\Component\\Console\\Output\\ConsoleOutput))
#33 /var/www/html/ems.test/vendor/symfony/console/Application.php(148): Symfony\\Component\\Console\\Application->doRun(Object(Symfony\\Component\\Console\\Input\\ArgvInput), Object(Symfony\\Component\\Console\\Output\\ConsoleOutput))
#34 /var/www/html/ems.test/vendor/laravel/framework/src/Illuminate/Console/Application.php(90): Symfony\\Component\\Console\\Application->run(Object(Symfony\\Component\\Console\\Input\\ArgvInput), Object(Symfony\\Component\\Console\\Output\\ConsoleOutput))
#35 /var/www/html/ems.test/vendor/laravel/framework/src/Illuminate/Foundation/Console/Kernel.php(133): Illuminate\\Console\\Application->run(Object(Symfony\\Component\\Console\\Input\\ArgvInput), Object(Symfony\\Component\\Console\\Output\\ConsoleOutput))
#36 /var/www/html/ems.test/artisan(37): Illuminate\\Foundation\\Console\\Kernel->handle(Object(Symfony\\Component\\Console\\Input\\ArgvInput), Object(Symfony\\Component\\Console\\Output\\ConsoleOutput))
#37 {main}
"} 
[2019-10-17 07:31:03] local.ERROR: SQLSTATE[42S21]: Column already exists: 1060 Duplicate column name 'work_activation' (SQL: create table `client_records` (`id` bigint unsigned not null auto_increment primary key, `employee_id` int not null, `clients_name` varchar(191) not null, `cp_name` varchar(191) not null, `cp_phone` varchar(191) not null, `cp_email` varchar(191) not null, `prospective` varchar(191) not null, `brief` text not null, `submission_ppt_tech` varchar(191) null, `submission_fainancial_quotation` varchar(191) null, `submission_ppt_with_sample` varchar(191) null, `submission_with_quotation` varchar(191) null, `submission_other` varchar(191) null, `work_event` varchar(191) null, `work_activation` varchar(191) null, `work_activation` varchar(191) null, `submission_date` date not null, `dep_planning` varchar(191) null, `dep_creative` varchar(191) null, `dep_operation` varchar(191) null, `dep_accounts` varchar(191) null, `dep_hr` varchar(191) null, `dep_admin` varchar(191) null, `dep_it` varchar(191) null, `dep_Other` varchar(191) null, `created_at` timestamp null, `updated_at` timestamp null) default character set utf8mb4 collate 'utf8mb4_unicode_ci') {"exception":"[object] (Illuminate\\Database\\QueryException(code: 42S21): SQLSTATE[42S21]: Column already exists: 1060 Duplicate column name 'work_activation' (SQL: create table `client_records` (`id` bigint unsigned not null auto_increment primary key, `employee_id` int not null, `clients_name` varchar(191) not null, `cp_name` varchar(191) not null, `cp_phone` varchar(191) not null, `cp_email` varchar(191) not null, `prospective` varchar(191) not null, `brief` text not null, `submission_ppt_tech` varchar(191) null, `submission_fainancial_quotation` varchar(191) null, `submission_ppt_with_sample` varchar(191) null, `submission_with_quotation` varchar(191) null, `submission_other` varchar(191) null, `work_event` varchar(191) null, `work_activation` varchar(191) null, `work_activation` varchar(191) null, `submission_date` date not null, `dep_planning` varchar(191) null, `dep_creative` varchar(191) null, `dep_operation` varchar(191) null, `dep_accounts` varchar(191) null, `dep_hr` varchar(191) null, `dep_admin` varchar(191) null, `dep_it` varchar(191) null, `dep_Other` varchar(191) null, `created_at` timestamp null, `updated_at` timestamp null) default character set utf8mb4 collate 'utf8mb4_unicode_ci') at /var/www/html/ems.test/vendor/laravel/framework/src/Illuminate/Database/Connection.php:664, PDOException(code: 42S21): SQLSTATE[42S21]: Column already exists: 1060 Duplicate column name 'work_activation' at /var/www/html/ems.test/vendor/laravel/framework/src/Illuminate/Database/Connection.php:458)
[stacktrace]
#0 /var/www/html/ems.test/vendor/laravel/framework/src/Illuminate/Database/Connection.php(624): Illuminate\\Database\\Connection->runQueryCallback('create table `c...', Array, Object(Closure))
#1 /var/www/html/ems.test/vendor/laravel/framework/src/Illuminate/Database/Connection.php(459): Illuminate\\Database\\Connection->run('create table `c...', Array, Object(Closure))
#2 /var/www/html/ems.test/vendor/laravel/framework/src/Illuminate/Database/Schema/Blueprint.php(97): Illuminate\\Database\\Connection->statement('create table `c...')
#3 /var/www/html/ems.test/vendor/laravel/framework/src/Illuminate/Database/Schema/Builder.php(278): Illuminate\\Database\\Schema\\Blueprint->build(Object(Illuminate\\Database\\MySqlConnection), Object(Illuminate\\Database\\Schema\\Grammars\\MySqlGrammar))
#4 /var/www/html/ems.test/vendor/laravel/framework/src/Illuminate/Database/Schema/Builder.php(167): Illuminate\\Database\\Schema\\Builder->build(Object(Illuminate\\Database\\Schema\\Blueprint))
#5 /var/www/html/ems.test/vendor/laravel/framework/src/Illuminate/Support/Facades/Facade.php(239): Illuminate\\Database\\Schema\\Builder->create('client_records', Object(Closure))
#6 /var/www/html/ems.test/database/migrations/2019_09_15_072125_create_client_records_table.php(43): Illuminate\\Support\\Facades\\Facade::__callStatic('create', Array)
#7 /var/www/html/ems.test/vendor/laravel/framework/src/Illuminate/Database/Migrations/Migrator.php(387): CreateClientRecordsTable->up()
#8 /var/www/html/ems.test/vendor/laravel/framework/src/Illuminate/Database/Migrations/Migrator.php(396): Illuminate\\Database\\Migrations\\Migrator->Illuminate\\Database\\Migrations\\{closure}()
#9 /var/www/html/ems.test/vendor/laravel/framework/src/Illuminate/Database/Migrations/Migrator.php(197): Illuminate\\Database\\Migrations\\Migrator->runMigration(Object(CreateClientRecordsTable), 'up')
#10 /var/www/html/ems.test/vendor/laravel/framework/src/Illuminate/Database/Migrations/Migrator.php(162): Illuminate\\Database\\Migrations\\Migrator->runUp('/var/www/html/e...', 1, false)
#11 /var/www/html/ems.test/vendor/laravel/framework/src/Illuminate/Database/Migrations/Migrator.php(109): Illuminate\\Database\\Migrations\\Migrator->runPending(Array, Array)
#12 /var/www/html/ems.test/vendor/laravel/framework/src/Illuminate/Database/Console/Migrations/MigrateCommand.php(71): Illuminate\\Database\\Migrations\\Migrator->run(Array, Array)
#13 [internal function]: Illuminate\\Database\\Console\\Migrations\\MigrateCommand->handle()
#14 /var/www/html/ems.test/vendor/laravel/framework/src/Illuminate/Container/BoundMethod.php(32): call_user_func_array(Array, Array)
#15 /var/www/html/ems.test/vendor/laravel/framework/src/Illuminate/Container/BoundMethod.php(90): Illuminate\\Container\\BoundMethod::Illuminate\\Container\\{closure}()
#16 /var/www/html/ems.test/vendor/laravel/framework/src/Illuminate/Container/BoundMethod.php(34): Illuminate\\Container\\BoundMethod::callBoundMethod(Object(Illuminate\\Foundation\\Application), Array, Object(Closure))
#17 /var/www/html/ems.test/vendor/laravel/framework/src/Illuminate/Container/Container.php(576): Illuminate\\Container\\BoundMethod::call(Object(Illuminate\\Foundation\\Application), Array, Array, NULL)
#18 /var/www/html/ems.test/vendor/laravel/framework/src/Illuminate/Console/Command.php(183): Illuminate\\Container\\Container->call(Array)
#19 /var/www/html/ems.test/vendor/symfony/console/Command/Command.php(255): Illuminate\\Console\\Command->execute(Object(Symfony\\Component\\Console\\Input\\ArrayInput), Object(Illuminate\\Console\\OutputStyle))
#20 /var/www/html/ems.test/vendor/laravel/framework/src/Illuminate/Console/Command.php(170): Symfony\\Component\\Console\\Command\\Command->run(Object(Symfony\\Component\\Console\\Input\\ArrayInput), Object(Illuminate\\Console\\OutputStyle))
#21 /var/www/html/ems.test/vendor/laravel/framework/src/Illuminate/Console/Command.php(198): Illuminate\\Console\\Command->run(Object(Symfony\\Component\\Console\\Input\\ArrayInput), Object(Illuminate\\Console\\OutputStyle))
#22 /var/www/html/ems.test/vendor/laravel/framework/src/Illuminate/Database/Console/Migrations/FreshCommand.php(61): Illuminate\\Console\\Command->call('migrate', Array)
#23 [internal function]: Illuminate\\Database\\Console\\Migrations\\FreshCommand->handle()
#24 /var/www/html/ems.test/vendor/laravel/framework/src/Illuminate/Container/BoundMethod.php(32): call_user_func_array(Array, Array)
#25 /var/www/html/ems.test/vendor/laravel/framework/src/Illuminate/Container/BoundMethod.php(90): Illuminate\\Container\\BoundMethod::Illuminate\\Container\\{closure}()
#26 /var/www/html/ems.test/vendor/laravel/framework/src/Illuminate/Container/BoundMethod.php(34): Illuminate\\Container\\BoundMethod::callBoundMethod(Object(Illuminate\\Foundation\\Application), Array, Object(Closure))
#27 /var/www/html/ems.test/vendor/laravel/framework/src/Illuminate/Container/Container.php(576): Illuminate\\Container\\BoundMethod::call(Object(Illuminate\\Foundation\\Application), Array, Array, NULL)
#28 /var/www/html/ems.test/vendor/laravel/framework/src/Illuminate/Console/Command.php(183): Illuminate\\Container\\Container->call(Array)
#29 /var/www/html/ems.test/vendor/symfony/console/Command/Command.php(255): Illuminate\\Console\\Command->execute(Object(Symfony\\Component\\Console\\Input\\ArgvInput), Object(Illuminate\\Console\\OutputStyle))
#30 /var/www/html/ems.test/vendor/laravel/framework/src/Illuminate/Console/Command.php(170): Symfony\\Component\\Console\\Command\\Command->run(Object(Symfony\\Component\\Console\\Input\\ArgvInput), Object(Illuminate\\Console\\OutputStyle))
#31 /var/www/html/ems.test/vendor/symfony/console/Application.php(915): Illuminate\\Console\\Command->run(Object(Symfony\\Component\\Console\\Input\\ArgvInput), Object(Symfony\\Component\\Console\\Output\\ConsoleOutput))
#32 /var/www/html/ems.test/vendor/symfony/console/Application.php(272): Symfony\\Component\\Console\\Application->doRunCommand(Object(Illuminate\\Database\\Console\\Migrations\\FreshCommand), Object(Symfony\\Component\\Console\\Input\\ArgvInput), Object(Symfony\\Component\\Console\\Output\\ConsoleOutput))
#33 /var/www/html/ems.test/vendor/symfony/console/Application.php(148): Symfony\\Component\\Console\\Application->doRun(Object(Symfony\\Component\\Console\\Input\\ArgvInput), Object(Symfony\\Component\\Console\\Output\\ConsoleOutput))
#34 /var/www/html/ems.test/vendor/laravel/framework/src/Illuminate/Console/Application.php(90): Symfony\\Component\\Console\\Application->run(Object(Symfony\\Component\\Console\\Input\\ArgvInput), Object(Symfony\\Component\\Console\\Output\\ConsoleOutput))
#35 /var/www/html/ems.test/vendor/laravel/framework/src/Illuminate/Foundation/Console/Kernel.php(133): Illuminate\\Console\\Application->run(Object(Symfony\\Component\\Console\\Input\\ArgvInput), Object(Symfony\\Component\\Console\\Output\\ConsoleOutput))
#36 /var/www/html/ems.test/artisan(37): Illuminate\\Foundation\\Console\\Kernel->handle(Object(Symfony\\Component\\Console\\Input\\ArgvInput), Object(Symfony\\Component\\Console\\Output\\ConsoleOutput))
#37 {main}
"} 
[2019-10-17 08:01:32] local.ERROR: SQLSTATE[42S22]: Column not found: 1054 Unknown column 'submission_type' in 'field list' (SQL: insert into `client_records` (`employee_id`, `clients_name`, `cp_name`, `cp_phone`, `cp_email`, `prospective`, `brief`, `submission_type`, `work_type`, `submission_date`, `dep_planning`, `dep_creative`, `created_at`, `updated_at`) values (1, Karam Group, Karim Talukder, 123456789, karim@test.com, Business, fasojhoaijf oiaw jroiajf aw roiawjroijqw roiqwjr , Financial Quotation, Activation, 2019-09-17, on, on, 2019-10-17 08:01:32, 2019-10-17 08:01:32)) {"exception":"[object] (Illuminate\\Database\\QueryException(code: 42S22): SQLSTATE[42S22]: Column not found: 1054 Unknown column 'submission_type' in 'field list' (SQL: insert into `client_records` (`employee_id`, `clients_name`, `cp_name`, `cp_phone`, `cp_email`, `prospective`, `brief`, `submission_type`, `work_type`, `submission_date`, `dep_planning`, `dep_creative`, `created_at`, `updated_at`) values (1, Karam Group, Karim Talukder, 123456789, karim@test.com, Business, fasojhoaijf oiaw jroiajf aw roiawjroijqw roiqwjr , Financial Quotation, Activation, 2019-09-17, on, on, 2019-10-17 08:01:32, 2019-10-17 08:01:32)) at /var/www/html/ems.test/vendor/laravel/framework/src/Illuminate/Database/Connection.php:664, PDOException(code: 42S22): SQLSTATE[42S22]: Column not found: 1054 Unknown column 'submission_type' in 'field list' at /var/www/html/ems.test/vendor/laravel/framework/src/Illuminate/Database/Connection.php:452)
[stacktrace]
#0 /var/www/html/ems.test/vendor/laravel/framework/src/Illuminate/Database/Connection.php(624): Illuminate\\Database\\Connection->runQueryCallback('insert into `cl...', Array, Object(Closure))
#1 /var/www/html/ems.test/vendor/laravel/framework/src/Illuminate/Database/Connection.php(459): Illuminate\\Database\\Connection->run('insert into `cl...', Array, Object(Closure))
#2 /var/www/html/ems.test/vendor/laravel/framework/src/Illuminate/Database/Connection.php(411): Illuminate\\Database\\Connection->statement('insert into `cl...', Array)
#3 /var/www/html/ems.test/vendor/laravel/framework/src/Illuminate/Database/Query/Builder.php(2646): Illuminate\\Database\\Connection->insert('insert into `cl...', Array)
#4 /var/www/html/ems.test/database/seeds/ClientRecordTableSeeder.php(31): Illuminate\\Database\\Query\\Builder->insert(Array)
#5 [internal function]: ClientRecordTableSeeder->run()
#6 /var/www/html/ems.test/vendor/laravel/framework/src/Illuminate/Container/BoundMethod.php(32): call_user_func_array(Array, Array)
#7 /var/www/html/ems.test/vendor/laravel/framework/src/Illuminate/Container/BoundMethod.php(90): Illuminate\\Container\\BoundMethod::Illuminate\\Container\\{closure}()
#8 /var/www/html/ems.test/vendor/laravel/framework/src/Illuminate/Container/BoundMethod.php(34): Illuminate\\Container\\BoundMethod::callBoundMethod(Object(Illuminate\\Foundation\\Application), Array, Object(Closure))
#9 /var/www/html/ems.test/vendor/laravel/framework/src/Illuminate/Container/Container.php(576): Illuminate\\Container\\BoundMethod::call(Object(Illuminate\\Foundation\\Application), Array, Array, NULL)
#10 /var/www/html/ems.test/vendor/laravel/framework/src/Illuminate/Database/Seeder.php(124): Illuminate\\Container\\Container->call(Array)
#11 /var/www/html/ems.test/vendor/laravel/framework/src/Illuminate/Database/Seeder.php(44): Illuminate\\Database\\Seeder->__invoke()
#12 /var/www/html/ems.test/database/seeds/DatabaseSeeder.php(17): Illuminate\\Database\\Seeder->call('ClientRecordTab...')
#13 [internal function]: DatabaseSeeder->run()
#14 /var/www/html/ems.test/vendor/laravel/framework/src/Illuminate/Container/BoundMethod.php(32): call_user_func_array(Array, Array)
#15 /var/www/html/ems.test/vendor/laravel/framework/src/Illuminate/Container/BoundMethod.php(90): Illuminate\\Container\\BoundMethod::Illuminate\\Container\\{closure}()
#16 /var/www/html/ems.test/vendor/laravel/framework/src/Illuminate/Container/BoundMethod.php(34): Illuminate\\Container\\BoundMethod::callBoundMethod(Object(Illuminate\\Foundation\\Application), Array, Object(Closure))
#17 /var/www/html/ems.test/vendor/laravel/framework/src/Illuminate/Container/Container.php(576): Illuminate\\Container\\BoundMethod::call(Object(Illuminate\\Foundation\\Application), Array, Array, NULL)
#18 /var/www/html/ems.test/vendor/laravel/framework/src/Illuminate/Database/Seeder.php(124): Illuminate\\Container\\Container->call(Array)
#19 /var/www/html/ems.test/vendor/laravel/framework/src/Illuminate/Database/Console/Seeds/SeedCommand.php(63): Illuminate\\Database\\Seeder->__invoke()
#20 /var/www/html/ems.test/vendor/laravel/framework/src/Illuminate/Database/Eloquent/Concerns/GuardsAttributes.php(122): Illuminate\\Database\\Console\\Seeds\\SeedCommand->Illuminate\\Database\\Console\\Seeds\\{closure}()
#21 /var/www/html/ems.test/vendor/laravel/framework/src/Illuminate/Database/Console/Seeds/SeedCommand.php(64): Illuminate\\Database\\Eloquent\\Model::unguarded(Object(Closure))
#22 [internal function]: Illuminate\\Database\\Console\\Seeds\\SeedCommand->handle()
#23 /var/www/html/ems.test/vendor/laravel/framework/src/Illuminate/Container/BoundMethod.php(32): call_user_func_array(Array, Array)
#24 /var/www/html/ems.test/vendor/laravel/framework/src/Illuminate/Container/BoundMethod.php(90): Illuminate\\Container\\BoundMethod::Illuminate\\Container\\{closure}()
#25 /var/www/html/ems.test/vendor/laravel/framework/src/Illuminate/Container/BoundMethod.php(34): Illuminate\\Container\\BoundMethod::callBoundMethod(Object(Illuminate\\Foundation\\Application), Array, Object(Closure))
#26 /var/www/html/ems.test/vendor/laravel/framework/src/Illuminate/Container/Container.php(576): Illuminate\\Container\\BoundMethod::call(Object(Illuminate\\Foundation\\Application), Array, Array, NULL)
#27 /var/www/html/ems.test/vendor/laravel/framework/src/Illuminate/Console/Command.php(183): Illuminate\\Container\\Container->call(Array)
#28 /var/www/html/ems.test/vendor/symfony/console/Command/Command.php(255): Illuminate\\Console\\Command->execute(Object(Symfony\\Component\\Console\\Input\\ArgvInput), Object(Illuminate\\Console\\OutputStyle))
#29 /var/www/html/ems.test/vendor/laravel/framework/src/Illuminate/Console/Command.php(170): Symfony\\Component\\Console\\Command\\Command->run(Object(Symfony\\Component\\Console\\Input\\ArgvInput), Object(Illuminate\\Console\\OutputStyle))
#30 /var/www/html/ems.test/vendor/symfony/console/Application.php(915): Illuminate\\Console\\Command->run(Object(Symfony\\Component\\Console\\Input\\ArgvInput), Object(Symfony\\Component\\Console\\Output\\ConsoleOutput))
#31 /var/www/html/ems.test/vendor/symfony/console/Application.php(272): Symfony\\Component\\Console\\Application->doRunCommand(Object(Illuminate\\Database\\Console\\Seeds\\SeedCommand), Object(Symfony\\Component\\Console\\Input\\ArgvInput), Object(Symfony\\Component\\Console\\Output\\ConsoleOutput))
#32 /var/www/html/ems.test/vendor/symfony/console/Application.php(148): Symfony\\Component\\Console\\Application->doRun(Object(Symfony\\Component\\Console\\Input\\ArgvInput), Object(Symfony\\Component\\Console\\Output\\ConsoleOutput))
#33 /var/www/html/ems.test/vendor/laravel/framework/src/Illuminate/Console/Application.php(90): Symfony\\Component\\Console\\Application->run(Object(Symfony\\Component\\Console\\Input\\ArgvInput), Object(Symfony\\Component\\Console\\Output\\ConsoleOutput))
#34 /var/www/html/ems.test/vendor/laravel/framework/src/Illuminate/Foundation/Console/Kernel.php(133): Illuminate\\Console\\Application->run(Object(Symfony\\Component\\Console\\Input\\ArgvInput), Object(Symfony\\Component\\Console\\Output\\ConsoleOutput))
#35 /var/www/html/ems.test/artisan(37): Illuminate\\Foundation\\Console\\Kernel->handle(Object(Symfony\\Component\\Console\\Input\\ArgvInput), Object(Symfony\\Component\\Console\\Output\\ConsoleOutput))
#36 {main}
"} 
